<?xml version="1.0" encoding="UTF-8"?>
<!-- Generated by org.testng.reporters.JUnitReportReporter -->
<testsuite hostname="ubuntu" failures="0" tests="2" name="testclasses.TestNG_Class2" time="0.005" errors="0" timestamp="15 5æœˆ 2020 19:06:46 GMT" skipped="0">
  <testcase classname="testclasses.TestNG_Class2" name="testMethod2" time="0.002"/>
  <testcase classname="testclasses.TestNG_Class2" name="testMethod1" time="0.003"/>
</testsuite> <!-- testclasses.TestNG_Class2 -->
