<?xml version="1.0" encoding="UTF-8"?>
<!-- Generated by org.testng.reporters.JUnitReportReporter -->
<testsuite hostname="ubuntu" failures="0" tests="1" name="extenreports.TestNG_LoginTest" time="3.462" errors="0" timestamp="18 5æœˆ 2020 07:23:19 GMT" skipped="0">
  <testcase classname="extenreports.TestNG_LoginTest" name="Test" time="3.462"/>
</testsuite> <!-- extenreports.TestNG_LoginTest -->
