<?xml version="1.0" encoding="UTF-8"?>
<!-- Generated by org.testng.reporters.JUnitReportReporter -->
<testsuite hostname="ubuntu" failures="0" tests="2" name="testclasses.TestNG_Parallel1" time="12.016" errors="0" timestamp="16 5æœˆ 2020 17:09:42 GMT" skipped="0">
  <testcase classname="testclasses.TestNG_Parallel1" name="testMethod2" time="6.003"/>
  <testcase classname="testclasses.TestNG_Parallel1" name="testMethod1" time="6.013"/>
</testsuite> <!-- testclasses.TestNG_Parallel1 -->
