<?xml version="1.0" encoding="UTF-8"?>
<!-- Generated by org.testng.reporters.JUnitReportReporter -->
<testsuite hostname="ubuntu" failures="0" tests="1" name="extenreports.Test2" time="0.002" errors="0" timestamp="18 5æœˆ 2020 12:38:40 GMT" skipped="0">
  <testcase classname="extenreports.Test2" name="testMethod" time="0.002"/>
</testsuite> <!-- extenreports.Test2 -->
