<?xml version="1.0" encoding="UTF-8"?>
<!-- Generated by org.testng.reporters.JUnitReportReporter -->
<testsuite hostname="ubuntu" failures="0" tests="1" name="testclasses.TestNG_Parameters" time="0.006" errors="0" timestamp="16 5æœˆ 2020 16:49:38 GMT" skipped="0">
  <testcase classname="testclasses.TestNG_Parameters" name="testMethod1" time="0.006"/>
</testsuite> <!-- testclasses.TestNG_Parameters -->
