<?xml version="1.0" encoding="UTF-8"?>
<!-- Generated by org.testng.reporters.JUnitReportReporter -->
<testsuite hostname="ubuntu" failures="0" tests="1" name="testclasses.TestNG_Parameters" time="0.005" errors="0" timestamp="15 5æœˆ 2020 10:43:06 GMT" skipped="0">
  <testcase classname="testclasses.TestNG_Parameters" name="testMethod1" time="0.005"/>
</testsuite> <!-- testclasses.TestNG_Parameters -->
